<?xml version="1.0" encoding="UTF-8"?>
<!-- Generated by org.testng.reporters.JUnitReportReporter -->
<testsuite hostname="nikman12" failures="0" tests="1" name="TestPetAPI" time="5.187" errors="0" timestamp="2021-07-15T12:17:58 IST" skipped="0">
  <testcase classname="TestPetAPI" name="GetPetDetails" time="5.187"/>
  <system-out/>
</testsuite> <!-- TestPetAPI -->
