<?xml version="1.0" encoding="UTF-8"?>
<!-- Generated by org.testng.reporters.JUnitReportReporter -->
<testsuite hostname="nikman12" failures="0" tests="3" name="gitHubProject.GitHubSSHTest" time="3.755" errors="0" timestamp="2021-07-15T12:37:31 IST" skipped="0">
  <testcase classname="gitHubProject.GitHubSSHTest" name="sshPost" time="2.806"/>
  <system-out/>
  <testcase classname="gitHubProject.GitHubSSHTest" name="sshGet" time="0.469"/>
  <system-out/>
  <testcase classname="gitHubProject.GitHubSSHTest" name="sshDelete" time="0.480"/>
  <system-out/>
</testsuite> <!-- gitHubProject.GitHubSSHTest -->
